<?xml version="1.0" encoding="UTF-8"?>
<!-- Generated by org.testng.reporters.JUnitXMLReporter -->
<testsuite ignored="2" hostname="WL361743" failures="0" tests="1" name="Default test" time="0.69" errors="0" timestamp="2020-07-03T15:07:40 IST">
  <testcase classname="com.tieto.test.LoginTest" name="validCredentialsTest" time="0.0">
    <skipped/>
  </testcase> <!-- validCredentialsTest -->
  <testcase classname="com.tieto.test.LoginTest" name="countlinksTest" time="0.0">
    <ignored/>
  </testcase> <!-- countlinksTest -->
  <testcase classname="com.tieto.test.LoginTest" name="invalidCredentialsTest" time="0.0">
    <ignored/>
  </testcase> <!-- invalidCredentialsTest -->
</testsuite> <!-- Default test -->
