<?xml version="1.0" encoding="UTF-8"?>
<!-- Generated by org.testng.reporters.JUnitXMLReporter -->
<testsuite ignored="0" hostname="WL361743" failures="0" tests="3" name="Test" time="39.196" errors="0" timestamp="2020-07-02T15:57:03 IST">
  <testcase classname="com.tieto.test.LoginTest" name="countlinks" time="0.05"/>
  <testcase classname="com.tieto.test.LoginTest" name="validCredentialsTest" time="4.747"/>
  <testcase classname="com.tieto.test.LoginTest" name="invalidCredentialsTest" time="2.263"/>
</testsuite> <!-- Test -->
